0 info it worked if it ends with ok
1 verbose cli [ '/home/matias/dev/node-v6.9.5-linux-x64/bin/node',
1 verbose cli   '/home/matias/dev/node-v6.9.5-linux-x64/bin/npm',
1 verbose cli   'start' ]
2 info using npm@4.1.2
3 info using node@v6.9.5
4 verbose run-script [ 'prestart', 'start', 'poststart' ]
5 info lifecycle truek@1.0.0~prestart: truek@1.0.0
6 silly lifecycle truek@1.0.0~prestart: no script for prestart, continuing
7 info lifecycle truek@1.0.0~start: truek@1.0.0
8 verbose lifecycle truek@1.0.0~start: unsafe-perm in lifecycle true
9 verbose lifecycle truek@1.0.0~start: PATH: /home/matias/dev/node-v6.9.5-linux-x64/lib/node_modules/npm/bin/node-gyp-bin:/home/matias/programacion/JS/angular4Apps/trueque/node_modules/.bin:/home/matias/bin/Sencha/Cmd:/home/matias/bin:/usr/local/sbin:/usr/local/bin:/usr/sbin:/usr/bin:/sbin:/bin:/usr/games:/usr/local/games:/home/matias/dev/node-v6.9.5-linux-x64/bin:/usr/lib/jvm/java-8-oracle/bin:/usr/lib/jvm/java-8-oracle/db/bin:/usr/lib/jvm/java-8-oracle/jre/bin
10 verbose lifecycle truek@1.0.0~start: CWD: /home/matias/programacion/JS/angular4Apps/trueque
11 silly lifecycle truek@1.0.0~start: Args: [ '-c', 'webpack-dev-server --config ./webpack/webpack.dev.js' ]
12 silly lifecycle truek@1.0.0~start: Returned: code: 1  signal: null
13 info lifecycle truek@1.0.0~start: Failed to exec start script
14 verbose stack Error: truek@1.0.0 start: `webpack-dev-server --config ./webpack/webpack.dev.js`
14 verbose stack Exit status 1
14 verbose stack     at EventEmitter.<anonymous> (/home/matias/dev/node-v6.9.5-linux-x64/lib/node_modules/npm/lib/utils/lifecycle.js:279:16)
14 verbose stack     at emitTwo (events.js:106:13)
14 verbose stack     at EventEmitter.emit (events.js:191:7)
14 verbose stack     at ChildProcess.<anonymous> (/home/matias/dev/node-v6.9.5-linux-x64/lib/node_modules/npm/lib/utils/spawn.js:40:14)
14 verbose stack     at emitTwo (events.js:106:13)
14 verbose stack     at ChildProcess.emit (events.js:191:7)
14 verbose stack     at maybeClose (internal/child_process.js:877:16)
14 verbose stack     at Process.ChildProcess._handle.onexit (internal/child_process.js:226:5)
15 verbose pkgid truek@1.0.0
16 verbose cwd /home/matias/programacion/JS/angular4Apps/trueque
17 error Linux 4.4.0-81-generic
18 error argv "/home/matias/dev/node-v6.9.5-linux-x64/bin/node" "/home/matias/dev/node-v6.9.5-linux-x64/bin/npm" "start"
19 error node v6.9.5
20 error npm  v4.1.2
21 error code ELIFECYCLE
22 error truek@1.0.0 start: `webpack-dev-server --config ./webpack/webpack.dev.js`
22 error Exit status 1
23 error Failed at the truek@1.0.0 start script 'webpack-dev-server --config ./webpack/webpack.dev.js'.
23 error Make sure you have the latest version of node.js and npm installed.
23 error If you do, this is most likely a problem with the truek package,
23 error not with npm itself.
23 error Tell the author that this fails on your system:
23 error     webpack-dev-server --config ./webpack/webpack.dev.js
23 error You can get information on how to open an issue for this project with:
23 error     npm bugs truek
23 error Or if that isn't available, you can get their info via:
23 error     npm owner ls truek
23 error There is likely additional logging output above.
24 verbose exit [ 1, true ]
